<?xml version="1.0" encoding="UTF-8"?>
<!-- Generated by org.testng.reporters.JUnitReportReporter -->
<testsuite name="NumberPrograms.ReverseNumber" tests="1" time="0.008" ignored="0" failures="0" timestamp="24 Sep 2023 07:20:00 GMT" skipped="0" hostname="DESKTOP-C1R9C2G" errors="0">
  <testcase name="reverseNumber" time="0.008" classname="NumberPrograms.ReverseNumber"/>
</testsuite> <!-- NumberPrograms.ReverseNumber -->
