<?xml version="1.0" encoding="UTF-8"?>
<!-- Generated by org.testng.reporters.JUnitReportReporter -->
<testsuite name="BasicPrograms.Factorial" tests="2" time="0.010" ignored="0" failures="0" timestamp="24 Sep 2023 07:30:08 GMT" skipped="0" hostname="DESKTOP-C1R9C2G" errors="0">
  <testcase name="factorialSum" time="0.002" classname="BasicPrograms.Factorial"/>
  <testcase name="factorial" time="0.008" classname="BasicPrograms.Factorial"/>
</testsuite> <!-- BasicPrograms.Factorial -->
